[INFO] Disabling enhanced local repository: using legacy is strongly discouraged to ensure build reproducibility.
[INFO] Scanning for projects...
[INFO] 
[INFO] ------------< org.example.local_project2.job:SWAPICallCME >-------------
[INFO] Building SPACEWEATHER SWAPICallCME-0.1.0 (0.1,Job Designs) 0.1.0
[INFO] --------------------------------[ jar ]---------------------------------
[WARNING] The POM for org.apache.cxf:cxf-core:jar:3.3.1 is missing, no dependency information available
[WARNING] The POM for org.apache.cxf:cxf-rt-bindings-soap:jar:3.3.1 is missing, no dependency information available
[WARNING] The POM for org.apache.cxf:cxf-rt-databinding-jaxb:jar:3.3.1 is missing, no dependency information available
[WARNING] The POM for org.apache.cxf:cxf-rt-transports-http:jar:3.3.1 is missing, no dependency information available
[WARNING] The POM for org.apache.cxf:cxf-rt-wsdl:jar:3.3.1 is missing, no dependency information available
[WARNING] The POM for com.google.guava:guava:jar:20.0 is missing, no dependency information available
[WARNING] The POM for javax.ws.rs:javax.ws.rs-api:jar:2.1 is missing, no dependency information available
[WARNING] The POM for org.apache.neethi:neethi:jar:3.1.1 is missing, no dependency information available
[INFO] 
[INFO] --- maven-resources-plugin:3.0.2:resources (default-resources) @ SWAPICallCME ---
[WARNING] Using platform encoding (UTF-8 actually) to copy filtered resources, i.e. build is platform dependent!
[INFO] Copying 0 resource
[INFO] 
[INFO] --- maven-compiler-plugin:3.6.1:compile (default-compile) @ SWAPICallCME ---
[WARNING] The POM for org.eclipse.platform:org.eclipse.osgi:jar:3.13.300 is missing, no dependency information available
[WARNING] The POM for org.apache.commons:commons-exec:jar:1.2 is missing, no dependency information available
[INFO] Not compiling main sources
[INFO] 
[INFO] --- maven-resources-plugin:3.0.2:testResources (default-testResources) @ SWAPICallCME ---
[INFO] Not copying test resources
[INFO] 
[INFO] --- maven-compiler-plugin:3.6.1:testCompile (default-testCompile) @ SWAPICallCME ---
[INFO] Not compiling test sources
[INFO] 
[INFO] --- maven-surefire-plugin:2.20:test (default-test) @ SWAPICallCME ---
[INFO] Tests are skipped.
[INFO] 
[INFO] --- maven-jar-plugin:3.0.2:jar (default-jar) @ SWAPICallCME ---
[INFO] Building jar: /home/bigdata/talend/TOS_BD-20191031_1204-V7.3.1M3/workspace/LOCAL_PROJECT/SPACEWEATHER/poms/jobs/process/swapicallcme_0.1/target/swapicallcme_0_1.jar
[INFO] 
[INFO] --- maven-assembly-plugin:3.0.0:single (default) @ SWAPICallCME ---
[INFO] Reading assembly descriptor: /home/bigdata/talend/TOS_BD-20191031_1204-V7.3.1M3/workspace/LOCAL_PROJECT/SPACEWEATHER/poms/jobs/process/swapicallcme_0.1/src/main/assemblies/assembly.xml
[WARNING] Missing POM for org.apache.cxf:cxf-core:jar:3.3.1
[WARNING] Missing POM for org.apache.cxf:cxf-rt-bindings-soap:jar:3.3.1
[WARNING] Missing POM for org.apache.cxf:cxf-rt-databinding-jaxb:jar:3.3.1
[WARNING] Missing POM for org.apache.cxf:cxf-rt-transports-http:jar:3.3.1
[WARNING] Missing POM for org.apache.cxf:cxf-rt-wsdl:jar:3.3.1
[WARNING] Missing POM for com.google.guava:guava:jar:20.0
[WARNING] Missing POM for javax.ws.rs:javax.ws.rs-api:jar:2.1
[WARNING] Missing POM for org.apache.neethi:neethi:jar:3.1.1
[WARNING] The POM for org.apache.felix:maven-bundle-plugin:jar:2.1.0 is missing, no dependency information available
[INFO] Building zip: /home/bigdata/talend/TOS_BD-20191031_1204-V7.3.1M3/workspace/LOCAL_PROJECT/SPACEWEATHER/poms/jobs/process/swapicallcme_0.1/target/swapicallcme_0_1.zip
[INFO] ------------------------------------------------------------------------
[INFO] BUILD SUCCESS
[INFO] ------------------------------------------------------------------------
[INFO] Total time: 3.717 s
[INFO] Finished at: 2019-12-30T07:56:23Z
[INFO] ------------------------------------------------------------------------
